<?xml version="1.0" encoding="UTF-8"?>
<!-- Generated by org.testng.reporters.JUnitXMLReporter -->
<testsuite ignored="0" hostname="VDX4791" failures="0" tests="3" name="Default test" time="36.875" errors="0" timestamp="2021-03-26T12:47:01 NZDT">
  <testcase classname="framework.RegisterUser" name="RegisterNewUser" time="16.106"/>
  <testcase classname="framework.RegisterUser" name="RegisterNewUser" time="11.323"/>
  <testcase classname="framework.RegisterUser" name="validateRegisterUserPage" time="3.959"/>
</testsuite> <!-- Default test -->
