<?xml version="1.0" encoding="UTF-8"?>
<!-- Generated by org.testng.reporters.JUnitXMLReporter -->
<testsuite ignored="0" hostname="VDX4791" failures="3" tests="3" name="Test" time="0.099" errors="0" timestamp="2021-03-26T12:46:00 NZDT">
  <testcase classname="framework.RegisterUser" name="RegisterNewUser" time="0.014">
    <failure type="java.lang.NullPointerException">
      <![CDATA[java.lang.NullPointerException
at framework.RegisterUser.RegisterNewUser(RegisterUser.java:33)
at java.base/java.util.ArrayList.forEach(ArrayList.java:1511)
... Removed 27 stack frames]]>
    </failure>
  </testcase> <!-- RegisterNewUser -->
  <testcase classname="framework.RegisterUser" name="RegisterNewUser" time="0.006">
    <failure type="java.lang.NullPointerException">
      <![CDATA[java.lang.NullPointerException
at framework.RegisterUser.RegisterNewUser(RegisterUser.java:33)
at java.base/java.util.ArrayList.forEach(ArrayList.java:1511)
... Removed 27 stack frames]]>
    </failure>
  </testcase> <!-- RegisterNewUser -->
  <testcase classname="framework.RegisterUser" name="validateRegisterUserPage" time="0.002">
    <failure type="java.lang.NullPointerException">
      <![CDATA[java.lang.NullPointerException
at framework.RegisterUser.validateRegisterUserPage(RegisterUser.java:74)
at java.base/java.util.ArrayList.forEach(ArrayList.java:1511)
... Removed 27 stack frames]]>
    </failure>
  </testcase> <!-- validateRegisterUserPage -->
</testsuite> <!-- Test -->
